<?xml version="1.0" encoding="UTF-8"?>
<!-- Generated by org.testng.reporters.JUnitReportReporter -->
<testsuite hostname="TL1105" failures="0" tests="1" name="testcase.TC001Login" time="8.974" errors="0" timestamp="2024-04-22T11:07:13 IST" skipped="0">
  <testcase classname="testcase.TC001Login" name="runLoginVerify" time="8.974"/>
  <system-out/>
</testsuite> <!-- testcase.TC001Login -->
